Build started 07/12/2016 23:11:40.
Project "C:\Users\Jimmy Banegas\Downloads\demo24\demo24\SysCore\Hal\Hal.vcxproj" on node 2 (rebuild target(s)).
_PrepareForClean:
  Deleting file "Debug\Hal.lastbuildstate".
InitializeBuildStatus:
  Creating "Debug\Hal.unsuccessfulbuild" because "AlwaysCreate" was specified.
ClCompile:
  C:\Program Files\Microsoft Visual Studio 10.0\VC\bin\CL.exe /c /I..\Include\ /Zi /nologo /W4 /WX- /Ox /Oy /D ARCH_X86 /X /Gm- /MD /Zp1 /GS- /fp:precise /Zc:wchar_t /Zc:forScope /GR- /Fo"Debug\\" /Fd"Debug\vc100.pdb" /Gd /TP /analyze- /errorReport:prompt cpu.cpp dma.cpp gdt.cpp Hal.cpp idt.cpp pic.cpp pit.cpp tss.cpp user.cpp
  cpu.cpp
  dma.cpp
dma.cpp(67): warning C4100: 'dma' : unreferenced formal parameter
dma.cpp(74): warning C4100: 'dma' : unreferenced formal parameter
dma.cpp(142): warning C4244: 'argument' : conversion from 'int' to 'unsigned char', possible loss of data
  gdt.cpp
  Hal.cpp
Hal.cpp(164): warning C4244: 'argument' : conversion from 'int' to 'uint16_t', possible loss of data
  idt.cpp
  pic.cpp
  pit.cpp
  tss.cpp
tss.cpp(54): warning C4409: illegal instruction size
tss.cpp(49): warning C4100: 'sel' : unreferenced formal parameter
tss.cpp(95): warning C4244: 'argument' : conversion from 'uint32_t' to 'uint16_t', possible loss of data
  user.cpp
  Generating Code...
Lib:
  C:\Program Files\Microsoft Visual Studio 10.0\VC\bin\Lib.exe /OUT:"C:\Users\Jimmy Banegas\Downloads\demo24\demo24\SysCore\Debug\Hal.lib" /NOLOGO Debug\cpu.obj
  Debug\dma.obj
  Debug\gdt.obj
  Debug\Hal.obj
  Debug\idt.obj
  Debug\pic.obj
  Debug\pit.obj
  Debug\tss.obj
  Debug\user.obj
  Hal.vcxproj -> C:\Users\Jimmy Banegas\Downloads\demo24\demo24\SysCore\Debug\Hal.lib
FinalizeBuildStatus:
  Deleting file "Debug\Hal.unsuccessfulbuild".
  Touching "Debug\Hal.lastbuildstate".
Done Building Project "C:\Users\Jimmy Banegas\Downloads\demo24\demo24\SysCore\Hal\Hal.vcxproj" (rebuild target(s)).

Build succeeded.

Time Elapsed 00:00:00.67
