Build started 07/12/2016 23:22:59.
Project "C:\Users\Jimmy Banegas\Downloads\Demo25\demo25\SysCore\Keyboard\Keyboard.vcxproj" on node 2 (rebuild target(s)).
_PrepareForClean:
  Deleting file "Debug\Keyboard.lastbuildstate".
InitializeBuildStatus:
  Creating "Debug\Keyboard.unsuccessfulbuild" because "AlwaysCreate" was specified.
ClCompile:
  C:\Program Files\Microsoft Visual Studio 10.0\VC\bin\CL.exe /c /I..\Include\ /Zi /nologo /W4 /WX- /O2 /Oy /D ARCH_X86 /X /Gm- /EHsc /MD /Zp1 /GS- /fp:precise /Zc:wchar_t /Zc:forScope /GR- /Fo"Debug\\" /Fd"Debug\vc100.pdb" /Gd /TP /analyze- /errorReport:prompt kybrd.cpp
  kybrd.cpp
C:\Users\Jimmy Banegas\Downloads\Demo25\demo25\SysCore\Include\ctype.h(39): warning C4005: 'isascii' : macro redefinition
          C:\Users\Jimmy Banegas\Downloads\Demo25\demo25\SysCore\Include\ctype.h(28) : see previous definition of 'isascii'
kybrd.cpp(260): warning C4127: conditional expression is constant
kybrd.cpp(277): warning C4127: conditional expression is constant
kybrd.cpp(485): warning C4806: '|' : unsafe operation: no value of type 'bool' promoted to type 'int' can equal the given constant
kybrd.cpp(485): warning C4806: '&' : unsafe operation: no value of type 'bool' promoted to type 'int' can equal the given constant
kybrd.cpp(486): warning C4806: '|' : unsafe operation: no value of type 'bool' promoted to type 'int' can equal the given constant
kybrd.cpp(486): warning C4806: '&' : unsafe operation: no value of type 'bool' promoted to type 'int' can equal the given constant
kybrd.cpp(645): warning C4127: conditional expression is constant
Lib:
  C:\Program Files\Microsoft Visual Studio 10.0\VC\bin\Lib.exe /OUT:"C:\Users\Jimmy Banegas\Downloads\Demo25\demo25\SysCore\Debug\Keyboard.lib" /NOLOGO Debug\kybrd.obj
  Keyboard.vcxproj -> C:\Users\Jimmy Banegas\Downloads\Demo25\demo25\SysCore\Debug\Keyboard.lib
FinalizeBuildStatus:
  Deleting file "Debug\Keyboard.unsuccessfulbuild".
  Touching "Debug\Keyboard.lastbuildstate".
Done Building Project "C:\Users\Jimmy Banegas\Downloads\Demo25\demo25\SysCore\Keyboard\Keyboard.vcxproj" (rebuild target(s)).

Build succeeded.

Time Elapsed 00:00:00.16
