Build started 07/12/2016 23:23:00.
Project "C:\Users\Jimmy Banegas\Downloads\Demo25\demo25\SysCore\Kernel\Kernel.vcxproj" on node 2 (rebuild target(s)).
_PrepareForClean:
  Deleting file "Debug\Kernel.lastbuildstate".
InitializeBuildStatus:
  Creating "Debug\Kernel.unsuccessfulbuild" because "AlwaysCreate" was specified.
ClCompile:
  C:\Program Files\Microsoft Visual Studio 10.0\VC\bin\CL.exe /c /I..\Include\ /I..\Keyboard /I..\FloppyDisk /nologo /W4 /WX- /O1 /Oy /D ARCH_X86 /X /GF- /Gm- /MD /Zp1 /GS- /fp:precise /Zc:wchar_t /Zc:forScope /GR- /Fo"Debug\\" /Fd"Debug\vc100.pdb" /Gd /TP /analyze- /errorReport:prompt entry.cpp main.cpp DebugDisplay.cpp exception.cpp fsys.cpp mmngr_phys.cpp mmngr_virtual.cpp panic.cpp sysapi.cpp task.cpp vmmngr_pde.cpp vmmngr_pte.cpp /Oy 
  entry.cpp
  main.cpp
main.cpp(211): warning C4018: '<' : signed/unsigned mismatch
main.cpp(212): warning C4018: '<' : signed/unsigned mismatch
main.cpp(220): warning C4127: conditional expression is constant
main.cpp(236): warning C4127: conditional expression is constant
main.cpp(252): warning C4127: conditional expression is constant
  DebugDisplay.cpp
DebugDisplay.cpp(62): warning C4189: 'cursorLocation' : local variable is initialized but not referenced
  exception.cpp
  fsys.cpp
  mmngr_phys.cpp
mmngr_phys.cpp(93): warning C4800: 'uint32_t' : forcing value to bool 'true' or 'false' (performance warning)
  mmngr_virtual.cpp
  panic.cpp
  sysapi.cpp
  task.cpp
task.cpp(425): warning C4127: conditional expression is constant
task.cpp(568): warning C4100: 'space' : unreferenced formal parameter
  vmmngr_pde.cpp
vmmngr_pde.cpp(60): warning C4800: 'pd_entry' : forcing value to bool 'true' or 'false' (performance warning)
vmmngr_pde.cpp(68): warning C4800: 'pd_entry' : forcing value to bool 'true' or 'false' (performance warning)
vmmngr_pde.cpp(72): warning C4800: 'pd_entry' : forcing value to bool 'true' or 'false' (performance warning)
vmmngr_pde.cpp(75): warning C4100: 'e' : unreferenced formal parameter
  vmmngr_pte.cpp
vmmngr_pte.cpp(60): warning C4800: 'pt_entry' : forcing value to bool 'true' or 'false' (performance warning)
  Generating Code...
c:\users\jimmy banegas\downloads\demo25\demo25\syscore\kernel\exception.cpp(131): warning C4731: 'page_fault' : frame pointer register 'ebp' modified by inline assembly code
ResourceCompile:
  C:\Program Files\Microsoft SDKs\Windows\v7.0A\bin\rc.exe /l"0x0409" /nologo /fo"Debug\Resource.res" Resource.rc 
C:\Program Files\MSBuild\Microsoft.Cpp\v4.0\Microsoft.CppBuild.targets(990,5): warning MSB8012: TargetPath(C:\Users\Jimmy Banegas\Downloads\Demo25\demo25\SysCore\Debug\Kernel.exe) does not match the Linker's OutputFile property value (A:\KRNL32.EXE). This may cause your project to build incorrectly. To correct this, please make sure that $(OutDir), $(TargetName) and $(TargetExt) property values match the value specified in %(Link.OutputFile).
C:\Program Files\MSBuild\Microsoft.Cpp\v4.0\Microsoft.CppBuild.targets(992,5): warning MSB8012: TargetName(Kernel) does not match the Linker's OutputFile property value (KRNL32). This may cause your project to build incorrectly. To correct this, please make sure that $(OutDir), $(TargetName) and $(TargetExt) property values match the value specified in %(Link.OutputFile).
Link:
  C:\Program Files\Microsoft Visual Studio 10.0\VC\bin\link.exe /ERRORREPORT:PROMPT /OUT:"A:\KRNL32.EXE" /INCREMENTAL:NO /NOLOGO /LIBPATH:..\Lib\ /LIBPATH:..\debug\ keyboard.lib floppydisk.lib fat12.lib /NODEFAULTLIB /MANIFEST:NO /PDB:"C:\Users\Jimmy Banegas\Downloads\Demo25\demo25\SysCore\Debug\Kernel.pdb" /SUBSYSTEM:NATIVE /Driver /OPT:REF /OPT:ICF /TLBID:1 /ENTRY:"kernel_entry" /BASE:"0xC0000000" /FIXED:NO /IMPLIB:"C:\Users\Jimmy Banegas\Downloads\Demo25\demo25\SysCore\Debug\Kernel.lib" /MACHINE:X86 Debug\Resource.res
  Debug\entry.obj
  Debug\main.obj
  Debug\DebugDisplay.obj
  Debug\exception.obj
  Debug\fsys.obj
  Debug\mmngr_phys.obj
  Debug\mmngr_virtual.obj
  Debug\panic.obj
  Debug\sysapi.obj
  Debug\task.obj
  Debug\vmmngr_pde.obj
  Debug\vmmngr_pte.obj
  "C:\Users\Jimmy Banegas\Downloads\Demo25\demo25\SysCore\Debug\Hal.lib"
  "C:\Users\Jimmy Banegas\Downloads\Demo25\demo25\SysCore\Debug\Lib.lib" /ALIGN:512 
Lib.lib(cstd.obj) : warning LNK4254: section '.CRT' (40000040) merged into '.data' (C0000040) with different attributes
  Kernel.vcxproj -> C:\Users\Jimmy Banegas\Downloads\Demo25\demo25\SysCore\Debug\Kernel.exe
FinalizeBuildStatus:
  Deleting file "Debug\Kernel.unsuccessfulbuild".
  Touching "Debug\Kernel.lastbuildstate".
Done Building Project "C:\Users\Jimmy Banegas\Downloads\Demo25\demo25\SysCore\Kernel\Kernel.vcxproj" (rebuild target(s)).

Build succeeded.

Time Elapsed 00:00:00.58
